Compiled jquery.js  (2ms)  (pid 13928)
Compiled jquery_ujs.js  (0ms)  (pid 13928)
Compiled twitter/bootstrap/bootstrap-transition.js  (0ms)  (pid 13928)
Compiled twitter/bootstrap/bootstrap-alert.js  (0ms)  (pid 13928)
Compiled twitter/bootstrap/bootstrap-modal.js  (0ms)  (pid 13928)
Compiled twitter/bootstrap/bootstrap-dropdown.js  (0ms)  (pid 13928)
Compiled twitter/bootstrap/bootstrap-scrollspy.js  (0ms)  (pid 13928)
Compiled twitter/bootstrap/bootstrap-tab.js  (0ms)  (pid 13928)
Compiled twitter/bootstrap/bootstrap-tooltip.js  (0ms)  (pid 13928)
Compiled twitter/bootstrap/bootstrap-popover.js  (0ms)  (pid 13928)
Compiled twitter/bootstrap/bootstrap-button.js  (0ms)  (pid 13928)
Compiled twitter/bootstrap/bootstrap-collapse.js  (0ms)  (pid 13928)
Compiled twitter/bootstrap/bootstrap-carousel.js  (0ms)  (pid 13928)
Compiled twitter/bootstrap/bootstrap-typeahead.js  (0ms)  (pid 13928)
Compiled twitter/bootstrap/bootstrap-affix.js  (0ms)  (pid 13928)
Compiled twitter/bootstrap.js  (155ms)  (pid 13928)
Compiled bootstrap.js  (78ms)  (pid 13928)
Compiled expense_histories.js  (1ms)  (pid 13928)
Compiled expenses.js  (0ms)  (pid 13928)
Compiled users.js  (0ms)  (pid 13928)
Compiled application.js  (288ms)  (pid 13928)
Compiled jquery.js  (2ms)  (pid 13982)
Compiled jquery_ujs.js  (0ms)  (pid 13982)
Compiled twitter/bootstrap/bootstrap-transition.js  (0ms)  (pid 13982)
Compiled twitter/bootstrap/bootstrap-alert.js  (0ms)  (pid 13982)
Compiled twitter/bootstrap/bootstrap-modal.js  (0ms)  (pid 13982)
Compiled twitter/bootstrap/bootstrap-dropdown.js  (0ms)  (pid 13982)
Compiled twitter/bootstrap/bootstrap-scrollspy.js  (0ms)  (pid 13982)
Compiled twitter/bootstrap/bootstrap-tab.js  (0ms)  (pid 13982)
Compiled twitter/bootstrap/bootstrap-tooltip.js  (0ms)  (pid 13982)
Compiled twitter/bootstrap/bootstrap-popover.js  (0ms)  (pid 13982)
Compiled twitter/bootstrap/bootstrap-button.js  (0ms)  (pid 13982)
Compiled twitter/bootstrap/bootstrap-collapse.js  (0ms)  (pid 13982)
Compiled twitter/bootstrap/bootstrap-carousel.js  (0ms)  (pid 13982)
Compiled twitter/bootstrap/bootstrap-typeahead.js  (0ms)  (pid 13982)
Compiled twitter/bootstrap/bootstrap-affix.js  (0ms)  (pid 13982)
Compiled twitter/bootstrap.js  (166ms)  (pid 13982)
Compiled bootstrap.js  (133ms)  (pid 13982)
Compiled expense_histories.js  (67ms)  (pid 13982)
Compiled expenses.js  (70ms)  (pid 13982)
Compiled users.js  (66ms)  (pid 13982)
Compiled application.js  (577ms)  (pid 13982)
Compiled jquery.js  (2ms)  (pid 14002)
Compiled jquery_ujs.js  (0ms)  (pid 14002)
Compiled twitter/bootstrap/bootstrap-transition.js  (0ms)  (pid 14002)
Compiled twitter/bootstrap/bootstrap-alert.js  (0ms)  (pid 14002)
Compiled twitter/bootstrap/bootstrap-modal.js  (0ms)  (pid 14002)
Compiled twitter/bootstrap/bootstrap-dropdown.js  (0ms)  (pid 14002)
Compiled twitter/bootstrap/bootstrap-scrollspy.js  (0ms)  (pid 14002)
Compiled twitter/bootstrap/bootstrap-tab.js  (0ms)  (pid 14002)
Compiled twitter/bootstrap/bootstrap-tooltip.js  (0ms)  (pid 14002)
Compiled twitter/bootstrap/bootstrap-popover.js  (0ms)  (pid 14002)
Compiled twitter/bootstrap/bootstrap-button.js  (0ms)  (pid 14002)
Compiled twitter/bootstrap/bootstrap-collapse.js  (0ms)  (pid 14002)
Compiled twitter/bootstrap/bootstrap-carousel.js  (0ms)  (pid 14002)
Compiled twitter/bootstrap/bootstrap-typeahead.js  (0ms)  (pid 14002)
Compiled twitter/bootstrap/bootstrap-affix.js  (0ms)  (pid 14002)
Compiled jquery.js  (2ms)  (pid 14030)
Compiled jquery_ujs.js  (0ms)  (pid 14030)
Compiled twitter/bootstrap/bootstrap-transition.js  (0ms)  (pid 14030)
Compiled twitter/bootstrap/bootstrap-alert.js  (0ms)  (pid 14030)
Compiled twitter/bootstrap/bootstrap-modal.js  (0ms)  (pid 14030)
Compiled twitter/bootstrap/bootstrap-dropdown.js  (0ms)  (pid 14030)
Compiled twitter/bootstrap/bootstrap-scrollspy.js  (0ms)  (pid 14030)
Compiled twitter/bootstrap/bootstrap-tab.js  (0ms)  (pid 14030)
Compiled twitter/bootstrap/bootstrap-tooltip.js  (0ms)  (pid 14030)
Compiled twitter/bootstrap/bootstrap-popover.js  (0ms)  (pid 14030)
Compiled twitter/bootstrap/bootstrap-button.js  (0ms)  (pid 14030)
Compiled twitter/bootstrap/bootstrap-collapse.js  (0ms)  (pid 14030)
Compiled twitter/bootstrap/bootstrap-carousel.js  (0ms)  (pid 14030)
Compiled twitter/bootstrap/bootstrap-typeahead.js  (0ms)  (pid 14030)
Compiled twitter/bootstrap/bootstrap-affix.js  (0ms)  (pid 14030)
Compiled twitter/bootstrap.js  (158ms)  (pid 14030)
Compiled bootstrap.js  (86ms)  (pid 14030)
Compiled expense_histories.js  (1ms)  (pid 14030)
Compiled expenses.js  (0ms)  (pid 14030)
Compiled users.js  (0ms)  (pid 14030)
Compiled application.js  (318ms)  (pid 14030)
Compiled jquery.js  (2ms)  (pid 14032)
Compiled jquery_ujs.js  (0ms)  (pid 14032)
Compiled twitter/bootstrap/bootstrap-transition.js  (0ms)  (pid 14032)
Compiled twitter/bootstrap/bootstrap-alert.js  (0ms)  (pid 14032)
Compiled twitter/bootstrap/bootstrap-modal.js  (0ms)  (pid 14032)
Compiled twitter/bootstrap/bootstrap-dropdown.js  (0ms)  (pid 14032)
Compiled twitter/bootstrap/bootstrap-scrollspy.js  (0ms)  (pid 14032)
Compiled twitter/bootstrap/bootstrap-tab.js  (0ms)  (pid 14032)
Compiled twitter/bootstrap/bootstrap-tooltip.js  (0ms)  (pid 14032)
Compiled twitter/bootstrap/bootstrap-popover.js  (0ms)  (pid 14032)
Compiled twitter/bootstrap/bootstrap-button.js  (0ms)  (pid 14032)
Compiled twitter/bootstrap/bootstrap-collapse.js  (0ms)  (pid 14032)
Compiled twitter/bootstrap/bootstrap-carousel.js  (0ms)  (pid 14032)
Compiled twitter/bootstrap/bootstrap-typeahead.js  (0ms)  (pid 14032)
Compiled twitter/bootstrap/bootstrap-affix.js  (0ms)  (pid 14032)
Compiled twitter/bootstrap.js  (132ms)  (pid 14032)
Compiled bootstrap.js  (73ms)  (pid 14032)
Compiled expense_histories.js  (1ms)  (pid 14032)
Compiled expenses.js  (0ms)  (pid 14032)
Compiled users.js  (0ms)  (pid 14032)
Compiled application.js  (278ms)  (pid 14032)
